0 info it worked if it ends with ok
1 verbose cli [ 'C:\\Program Files\\nodejs\\node.exe',
1 verbose cli   'C:\\Program Files\\nodejs\\node_modules\\npm\\bin\\npm-cli.js',
1 verbose cli   'run',
1 verbose cli   'dev' ]
2 info using npm@3.10.10
3 info using node@v6.14.0
4 verbose run-script [ 'predev', 'dev', 'postdev' ]
5 info lifecycle recode-backend@0.0.0~predev: recode-backend@0.0.0
6 silly lifecycle recode-backend@0.0.0~predev: no script for predev, continuing
7 info lifecycle recode-backend@0.0.0~dev: recode-backend@0.0.0
8 verbose lifecycle recode-backend@0.0.0~dev: unsafe-perm in lifecycle true
9 verbose lifecycle recode-backend@0.0.0~dev: PATH: C:\Users\Harwenda\AppData\Roaming\nvm\v6.14.0\node_modules\npm\bin\node-gyp-bin;C:\Users\Harwenda\Documents\Works\Personal\project-express-redcode-website-backend\node_modules\.bin;C:\Python27\;C:\Python27\Scripts;C:\Windows\system32;C:\Windows;C:\Windows\System32\Wbem;C:\Windows\System32\WindowsPowerShell\v1.0\;C:\Windows\System32\OpenSSH\;C:\Program Files\PuTTY\;C:\ProgramData\chocolatey\bin;C:\Users\Harwenda\AppData\Roaming\nvm;C:\Program Files\nodejs;C:\Program Files\Git\cmd;C:\Program Files\dotnet\;C:\xampp\php;C:\ProgramData\ComposerSetup\bin;C:\Program Files\Microsoft SQL Server\130\Tools\Binn\;C:\Program Files\Microsoft SQL Server\Client SDK\ODBC\170\Tools\Binn\;C:\wamp64\bin\php\php7.3.12;C:\Users\Harwenda\AppData\Local\Microsoft\WindowsApps;C:\Users\Harwenda\AppData\Roaming\nvm;C:\Program Files\nodejs;C:\Users\Harwenda\AppData\Local\Programs\Microsoft VS Code\bin;C:\Users\Harwenda\AppData\Roaming\Composer\vendor\bin;C:\wamp64\bin\php\;
10 verbose lifecycle recode-backend@0.0.0~dev: CWD: C:\Users\Harwenda\Documents\Works\Personal\project-express-redcode-website-backend
11 silly lifecycle recode-backend@0.0.0~dev: Args: [ '/d /s /c', 'nodemon ./bin/www' ]
12 silly lifecycle recode-backend@0.0.0~dev: Returned: code: 1  signal: null
13 info lifecycle recode-backend@0.0.0~dev: Failed to exec dev script
14 verbose stack Error: recode-backend@0.0.0 dev: `nodemon ./bin/www`
14 verbose stack Exit status 1
14 verbose stack     at EventEmitter.<anonymous> (C:\Users\Harwenda\AppData\Roaming\nvm\v6.14.0\node_modules\npm\lib\utils\lifecycle.js:255:16)
14 verbose stack     at emitTwo (events.js:106:13)
14 verbose stack     at EventEmitter.emit (events.js:191:7)
14 verbose stack     at ChildProcess.<anonymous> (C:\Users\Harwenda\AppData\Roaming\nvm\v6.14.0\node_modules\npm\lib\utils\spawn.js:40:14)
14 verbose stack     at emitTwo (events.js:106:13)
14 verbose stack     at ChildProcess.emit (events.js:191:7)
14 verbose stack     at maybeClose (internal/child_process.js:920:16)
14 verbose stack     at Process.ChildProcess._handle.onexit (internal/child_process.js:230:5)
15 verbose pkgid recode-backend@0.0.0
16 verbose cwd C:\Users\Harwenda\Documents\Works\Personal\project-express-redcode-website-backend
17 error Windows_NT 10.0.18363
18 error argv "C:\\Program Files\\nodejs\\node.exe" "C:\\Program Files\\nodejs\\node_modules\\npm\\bin\\npm-cli.js" "run" "dev"
19 error node v6.14.0
20 error npm  v3.10.10
21 error code ELIFECYCLE
22 error recode-backend@0.0.0 dev: `nodemon ./bin/www`
22 error Exit status 1
23 error Failed at the recode-backend@0.0.0 dev script 'nodemon ./bin/www'.
23 error Make sure you have the latest version of node.js and npm installed.
23 error If you do, this is most likely a problem with the recode-backend package,
23 error not with npm itself.
23 error Tell the author that this fails on your system:
23 error     nodemon ./bin/www
23 error You can get information on how to open an issue for this project with:
23 error     npm bugs recode-backend
23 error Or if that isn't available, you can get their info via:
23 error     npm owner ls recode-backend
23 error There is likely additional logging output above.
24 verbose exit [ 1, true ]
